生成启动时间为 2020/4/20 14:24:12。
     1>项目“C:\Users\harry\Desktop\我的文件\C++文件\second\second\second.vcxproj”在节点 2 上(build 个目标)。
     1>PrepareForBuild:
         正在创建目录“C:\Users\harry\Desktop\我的文件\C++文件\second\Debug\”。
       InitializeBuildStatus:
         正在创建“Debug\second.unsuccessfulbuild”，因为已指定“AlwaysCreate”。
       ClCompile:
         C:\Program Files (x86)\Microsoft Visual Studio 10.0\VC\bin\CL.exe /c /ZI /nologo /W3 /WX- /Od /Oy- /D _MBCS /Gm /EHsc /RTC1 /MDd /GS /fp:precise /Zc:wchar_t /Zc:forScope /Fo"Debug\\" /Fd"Debug\vc100.pdb" /Gd /TP /analyze- /errorReport:prompt area.cpp
         area.cpp
     1>c:\users\harry\desktop\我的文件\c++文件\second\second\area.cpp(10): warning C4996: 'scanf': This function or variable may be unsafe. Consider using scanf_s instead. To disable deprecation, use _CRT_SECURE_NO_WARNINGS. See online help for details.
                 c:\program files (x86)\microsoft visual studio 10.0\vc\include\stdio.h(304) : 参见“scanf”的声明
       Link:
         C:\Program Files (x86)\Microsoft Visual Studio 10.0\VC\bin\link.exe /ERRORREPORT:PROMPT /OUT:"C:\Users\harry\Desktop\我的文件\C++文件\second\Debug\second.exe" /NOLOGO kernel32.lib user32.lib gdi32.lib winspool.lib comdlg32.lib advapi32.lib shell32.lib ole32.lib oleaut32.lib uuid.lib odbc32.lib odbccp32.lib /MANIFEST /ManifestFile:"Debug\second.exe.intermediate.manifest" /MANIFESTUAC:"level='asInvoker' uiAccess='false'" /DEBUG /PDB:"C:\Users\harry\Desktop\我的文件\C++文件\second\Debug\second.pdb" /TLBID:1 /DYNAMICBASE /NXCOMPAT /IMPLIB:"C:\Users\harry\Desktop\我的文件\C++文件\second\Debug\second.lib" /MACHINE:X86 Debug\area.obj
         second.vcxproj -> C:\Users\harry\Desktop\我的文件\C++文件\second\Debug\second.exe
       Manifest:
         C:\Program Files (x86)\Microsoft SDKs\Windows\v7.0A\bin\mt.exe /nologo /verbose /outputresource:"C:\Users\harry\Desktop\我的文件\C++文件\second\Debug\second.exe;#1" /manifest Debug\second.exe.intermediate.manifest
       FinalizeBuildStatus:
         正在删除文件“Debug\second.unsuccessfulbuild”。
         正在对“Debug\second.lastbuildstate”执行 Touch 任务。
     1>已完成生成项目“C:\Users\harry\Desktop\我的文件\C++文件\second\second\second.vcxproj”(build 个目标)的操作。

生成成功。

已用时间 00:00:03.08
